<?xml version="1.0" encoding="UTF-8"?>
<testsuite name="com.test.code.SortDemoTest" tests="6" skipped="0" failures="0" errors="0" timestamp="2018-10-22T08:13:11" hostname="pop-os" time="0.01">
  <properties/>
  <testcase name="NonIntegerValue" classname="com.test.code.SortDemoTest" time="0.001"/>
  <testcase name="negativeArraySize" classname="com.test.code.SortDemoTest" time="0.0"/>
  <testcase name="SameNumber" classname="com.test.code.SortDemoTest" time="0.001"/>
  <testcase name="NoNumber" classname="com.test.code.SortDemoTest" time="0.0"/>
  <testcase name="NoSuchElem" classname="com.test.code.SortDemoTest" time="0.0"/>
  <testcase name="testNumber" classname="com.test.code.SortDemoTest" time="0.003"/>
  <system-out><![CDATA[]]></system-out>
  <system-err><![CDATA[]]></system-err>
</testsuite>
